Arguments: 
  /Users/jameswenzel/.nvm/versions/node/v16.11.0/bin/node /usr/local/Cellar/yarn/1.22.18/libexec/bin/yarn.js add typescript opensea-js @truffle/hdwallet-provider

PATH: 
  /opt/homebrew/opt/openssl@3/bin:/Users/jameswenzel/.cargo/bin:/Users/jameswenzel/.nix-profile/bin:/Users/jameswenzel/.nvm/versions/node/v16.11.0/bin:/opt/homebrew/opt/postgresql@11/bin:/opt/homebrew/bin:/opt/homebrew/sbin:/Users/jameswenzel/.pyenv/shims:/usr/local/bin:/usr/bin:/bin:/usr/sbin:/sbin:/Users/jameswenzel/.cargo/bineval:/Applications/Visual Studio Code.app/Contents/Resources/app/bin:/Users/jameswenzel/.foundry/bin

Yarn version: 
  1.22.18

Node version: 
  16.11.0

Platform: 
  darwin arm64

Trace: 
  Error: ENOENT: no such file or directory, open '/Users/jameswenzel/Library/Caches/Yarn/v6/.tmp/7ff8dac337b095c417e7d9f2c17e8731/.yarn-tarball.tgz'

npm manifest: 
  {
    "name": "list-1155",
    "version": "1.0.0",
    "description": "",
    "main": "index.js",
    "scripts": {
      "test": "echo \"Error: no test specified\" && exit 1"
    },
    "author": "",
    "license": "ISC"
  }

yarn manifest: 
  No manifest

Lockfile: 
  No lockfile
